This is pdfTeX, Version 3.1415926-2.5-1.40.14 (TeX Live 2013/TeX Live for SUSE Linux) (format=pdflatex 2015.3.3)  15 DEC 2015 11:25
entering extended mode
 restricted \write18 enabled.
 %&-line parsing enabled.
**ReleaseNote.tex
(./ReleaseNote.tex
LaTeX2e <2011/06/27>
Babel <3.9f> and hyphenation patterns for 78 languages loaded.
(/usr/share/texmf/tex/latex/koma-script/scrreprt.cls
Document Class: scrreprt 2012/07/29 v3.11b KOMA-Script document class (report)
(/usr/share/texmf/tex/latex/koma-script/scrkbase.sty
Package: scrkbase 2012/07/29 v3.11b KOMA-Script package (KOMA-Script-dependent 
basics and keyval usage)

(/usr/share/texmf/tex/latex/koma-script/scrbase.sty
Package: scrbase 2012/07/29 v3.11b KOMA-Script package (KOMA-Script-independent
 basics and keyval usage)

(/usr/share/texmf/tex/latex/graphics/keyval.sty
Package: keyval 1999/03/16 v1.13 key=value parser (DPC)
\KV@toks@=\toks14
)
(/usr/share/texmf/tex/latex/koma-script/scrlfile.sty
Package: scrlfile 2012/06/15 v3.12 KOMA-Script package (loading files)

Package scrlfile, 2012/06/15 v3.12 KOMA-Script package (loading files)
                  Copyright (C) Markus Kohm

))) (/usr/share/texmf/tex/latex/koma-script/tocbasic.sty
Package: tocbasic 2012/04/04 v3.10b KOMA-Script package (handling toc-files)
)
Package tocbasic Info: omitting babel extension for `toc'
(tocbasic)             because of feature `nobabel' available
(tocbasic)             for `toc' on input line 117.
Package tocbasic Info: omitting babel extension for `lof'
(tocbasic)             because of feature `nobabel' available
(tocbasic)             for `lof' on input line 118.
Package tocbasic Info: omitting babel extension for `lot'
(tocbasic)             because of feature `nobabel' available
(tocbasic)             for `lot' on input line 119.
Package scrreprt Info: You've used obsolete option `11pt'.
(scrreprt)             \KOMAExecuteOptions{fontsize=11pt} will be
(scrreprt)             used instead.
(scrreprt)             You may simply replace `11pt'
(scrreprt)             by `fontsize=11pt'.
Class scrreprt Info: File `scrsize11pt.clo' used to setup font sizes on input l
ine 1367.

(/usr/share/texmf/tex/latex/koma-script/scrsize11pt.clo
File: scrsize11pt.clo 2012/07/29 v3.11b KOMA-Script font size class option (11p
t)
)
(/usr/share/texmf/tex/latex/koma-script/typearea.sty
Package: typearea 2012/07/29 v3.11b KOMA-Script package (type area)

Package typearea, 2012/07/29 v3.11b KOMA-Script package (type area)
                  Copyright (C) Frank Neukam, 1992-1994
                  Copyright (C) Markus Kohm, 1994-

\ta@bcor=\skip41
\ta@div=\count79
Package typearea Info: You've used standard option `a4paper'.
(typearea)             This is correct!
(typearea)             Internally I'm using `paper=a4'.
(typearea)             If you'd like to set the option with \KOMAoptions,
(typearea)             you'd have to use `paper=a4' there
(typearea)             instead of `a4paper', too.
\ta@hblk=\skip42
\ta@vblk=\skip43
\ta@temp=\skip44
Package typearea Info: These are the values describing the layout:
(typearea)             DIV  = 10
(typearea)             BCOR = 0.0pt
(typearea)             \paperwidth      = 597.50793pt
(typearea)              \textwidth      = 418.25555pt
(typearea)              DIV departure   = -6%
(typearea)              \evensidemargin = 47.2316pt
(typearea)              \oddsidemargin  = -12.5192pt
(typearea)             \paperheight     = 845.04694pt
(typearea)              \textheight     = 595.80026pt
(typearea)              \topmargin      = -25.16531pt
(typearea)              \headheight     = 17.0pt
(typearea)              \headsep        = 20.40001pt
(typearea)              \topskip        = 11.0pt
(typearea)              \footskip       = 47.60002pt
(typearea)              \baselineskip   = 13.6pt
(typearea)              on input line 1213.
)
\c@part=\count80
\c@chapter=\count81
\c@section=\count82
\c@subsection=\count83
\c@subsubsection=\count84
\c@paragraph=\count85
\c@subparagraph=\count86
\abovecaptionskip=\skip45
\belowcaptionskip=\skip46
\c@pti@nb@sid@b@x=\box26
\c@figure=\count87
\c@table=\count88
\bibindent=\dimen102
) (/usr/share/texmf/tex/latex/geometry/geometry.sty
Package: geometry 2010/09/12 v5.6 Page Geometry

(/usr/share/texmf/tex/generic/oberdiek/ifpdf.sty
Package: ifpdf 2011/01/30 v2.3 Provides the ifpdf switch (HO)
Package ifpdf Info: pdfTeX in PDF mode is detected.
)
(/usr/share/texmf/tex/generic/oberdiek/ifvtex.sty
Package: ifvtex 2010/03/01 v1.5 Detect VTeX and its facilities (HO)
Package ifvtex Info: VTeX not detected.
)
(/usr/share/texmf/tex/generic/ifxetex/ifxetex.sty
Package: ifxetex 2010/09/12 v0.6 Provides ifxetex conditional
)
\Gm@cnth=\count89
\Gm@cntv=\count90
\c@Gm@tempcnt=\count91
\Gm@bindingoffset=\dimen103
\Gm@wd@mp=\dimen104
\Gm@odd@mp=\dimen105
\Gm@even@mp=\dimen106
\Gm@layoutwidth=\dimen107
\Gm@layoutheight=\dimen108
\Gm@layouthoffset=\dimen109
\Gm@layoutvoffset=\dimen110
\Gm@dimlist=\toks15
)
(/usr/share/texmf/tex/latex/base/inputenc.sty
Package: inputenc 2008/03/30 v1.1d Input encoding file
\inpenc@prehook=\toks16
\inpenc@posthook=\toks17

(/usr/share/texmf/tex/latex/base/latin1.def
File: latin1.def 2008/03/30 v1.1d Input encoding file
))
(/usr/share/texmf/tex/latex/base/textcomp.sty
Package: textcomp 2005/09/27 v1.99g Standard LaTeX package
Package textcomp Info: Sub-encoding information:
(textcomp)               5 = only ISO-Adobe without \textcurrency
(textcomp)               4 = 5 + \texteuro
(textcomp)               3 = 4 + \textohm
(textcomp)               2 = 3 + \textestimated + \textcurrency
(textcomp)               1 = TS1 - \textcircled - \t
(textcomp)               0 = TS1 (full)
(textcomp)             Font families with sub-encoding setting implement
(textcomp)             only a restricted character set as indicated.
(textcomp)             Family '?' is the default used for unknown fonts.
(textcomp)             See the documentation for details.
Package textcomp Info: Setting ? sub-encoding to TS1/1 on input line 71.

(/usr/share/texmf/tex/latex/base/ts1enc.def
File: ts1enc.def 2001/06/05 v3.0e (jk/car/fm) Standard LaTeX file
)
LaTeX Info: Redefining \oldstylenums on input line 266.
Package textcomp Info: Setting cmr sub-encoding to TS1/0 on input line 281.
Package textcomp Info: Setting cmss sub-encoding to TS1/0 on input line 282.
Package textcomp Info: Setting cmtt sub-encoding to TS1/0 on input line 283.
Package textcomp Info: Setting cmvtt sub-encoding to TS1/0 on input line 284.
Package textcomp Info: Setting cmbr sub-encoding to TS1/0 on input line 285.
Package textcomp Info: Setting cmtl sub-encoding to TS1/0 on input line 286.
Package textcomp Info: Setting ccr sub-encoding to TS1/0 on input line 287.
Package textcomp Info: Setting ptm sub-encoding to TS1/4 on input line 288.
Package textcomp Info: Setting pcr sub-encoding to TS1/4 on input line 289.
Package textcomp Info: Setting phv sub-encoding to TS1/4 on input line 290.
Package textcomp Info: Setting ppl sub-encoding to TS1/3 on input line 291.
Package textcomp Info: Setting pag sub-encoding to TS1/4 on input line 292.
Package textcomp Info: Setting pbk sub-encoding to TS1/4 on input line 293.
Package textcomp Info: Setting pnc sub-encoding to TS1/4 on input line 294.
Package textcomp Info: Setting pzc sub-encoding to TS1/4 on input line 295.
Package textcomp Info: Setting bch sub-encoding to TS1/4 on input line 296.
Package textcomp Info: Setting put sub-encoding to TS1/5 on input line 297.
Package textcomp Info: Setting uag sub-encoding to TS1/5 on input line 298.
Package textcomp Info: Setting ugq sub-encoding to TS1/5 on input line 299.
Package textcomp Info: Setting ul8 sub-encoding to TS1/4 on input line 300.
Package textcomp Info: Setting ul9 sub-encoding to TS1/4 on input line 301.
Package textcomp Info: Setting augie sub-encoding to TS1/5 on input line 302.
Package textcomp Info: Setting dayrom sub-encoding to TS1/3 on input line 303.
Package textcomp Info: Setting dayroms sub-encoding to TS1/3 on input line 304.

Package textcomp Info: Setting pxr sub-encoding to TS1/0 on input line 305.
Package textcomp Info: Setting pxss sub-encoding to TS1/0 on input line 306.
Package textcomp Info: Setting pxtt sub-encoding to TS1/0 on input line 307.
Package textcomp Info: Setting txr sub-encoding to TS1/0 on input line 308.
Package textcomp Info: Setting txss sub-encoding to TS1/0 on input line 309.
Package textcomp Info: Setting txtt sub-encoding to TS1/0 on input line 310.
Package textcomp Info: Setting lmr sub-encoding to TS1/0 on input line 311.
Package textcomp Info: Setting lmdh sub-encoding to TS1/0 on input line 312.
Package textcomp Info: Setting lmss sub-encoding to TS1/0 on input line 313.
Package textcomp Info: Setting lmssq sub-encoding to TS1/0 on input line 314.
Package textcomp Info: Setting lmvtt sub-encoding to TS1/0 on input line 315.
Package textcomp Info: Setting qhv sub-encoding to TS1/0 on input line 316.
Package textcomp Info: Setting qag sub-encoding to TS1/0 on input line 317.
Package textcomp Info: Setting qbk sub-encoding to TS1/0 on input line 318.
Package textcomp Info: Setting qcr sub-encoding to TS1/0 on input line 319.
Package textcomp Info: Setting qcs sub-encoding to TS1/0 on input line 320.
Package textcomp Info: Setting qpl sub-encoding to TS1/0 on input line 321.
Package textcomp Info: Setting qtm sub-encoding to TS1/0 on input line 322.
Package textcomp Info: Setting qzc sub-encoding to TS1/0 on input line 323.
Package textcomp Info: Setting qhvc sub-encoding to TS1/0 on input line 324.
Package textcomp Info: Setting futs sub-encoding to TS1/4 on input line 325.
Package textcomp Info: Setting futx sub-encoding to TS1/4 on input line 326.
Package textcomp Info: Setting futj sub-encoding to TS1/4 on input line 327.
Package textcomp Info: Setting hlh sub-encoding to TS1/3 on input line 328.
Package textcomp Info: Setting hls sub-encoding to TS1/3 on input line 329.
Package textcomp Info: Setting hlst sub-encoding to TS1/3 on input line 330.
Package textcomp Info: Setting hlct sub-encoding to TS1/5 on input line 331.
Package textcomp Info: Setting hlx sub-encoding to TS1/5 on input line 332.
Package textcomp Info: Setting hlce sub-encoding to TS1/5 on input line 333.
Package textcomp Info: Setting hlcn sub-encoding to TS1/5 on input line 334.
Package textcomp Info: Setting hlcw sub-encoding to TS1/5 on input line 335.
Package textcomp Info: Setting hlcf sub-encoding to TS1/5 on input line 336.
Package textcomp Info: Setting pplx sub-encoding to TS1/3 on input line 337.
Package textcomp Info: Setting pplj sub-encoding to TS1/3 on input line 338.
Package textcomp Info: Setting ptmx sub-encoding to TS1/4 on input line 339.
Package textcomp Info: Setting ptmj sub-encoding to TS1/4 on input line 340.
)
(/usr/share/texmf/tex/latex/base/fontenc.sty
Package: fontenc 2005/09/27 v1.99g Standard LaTeX package

(/usr/share/texmf/tex/latex/base/t1enc.def
File: t1enc.def 2005/09/27 v1.99g Standard LaTeX file
LaTeX Font Info:    Redeclaring font encoding T1 on input line 43.
))
(/usr/share/texmf/tex/generic/babel/babel.sty
Package: babel 2013/05/16 v3.9f The Babel package

(/usr/share/texmf/tex/generic/babel-english/english.ldf
Language: english 2012/08/20 v3.3p English support from the babel system

(/usr/share/texmf/tex/generic/babel/babel.def
File: babel.def 2013/05/16 v3.9f Babel common definitions
\babel@savecnt=\count92
\U@D=\dimen111
)
\l@canadian = a dialect from \language\l@american 
\l@australian = a dialect from \language\l@british 
\l@newzealand = a dialect from \language\l@british 
))
(/usr/share/texmf/tex/latex/amsmath/amsmath.sty
Package: amsmath 2013/01/14 v2.14 AMS math features
\@mathmargin=\skip47

For additional information on amsmath, use the `?' option.
(/usr/share/texmf/tex/latex/amsmath/amstext.sty
Package: amstext 2000/06/29 v2.01

(/usr/share/texmf/tex/latex/amsmath/amsgen.sty
File: amsgen.sty 1999/11/30 v2.0
\@emptytoks=\toks18
\ex@=\dimen112
))
(/usr/share/texmf/tex/latex/amsmath/amsbsy.sty
Package: amsbsy 1999/11/29 v1.2d
\pmbraise@=\dimen113
)
(/usr/share/texmf/tex/latex/amsmath/amsopn.sty
Package: amsopn 1999/12/14 v2.01 operator names
)
\inf@bad=\count93
LaTeX Info: Redefining \frac on input line 210.
\uproot@=\count94
\leftroot@=\count95
LaTeX Info: Redefining \overline on input line 306.
\classnum@=\count96
\DOTSCASE@=\count97
LaTeX Info: Redefining \ldots on input line 378.
LaTeX Info: Redefining \dots on input line 381.
LaTeX Info: Redefining \cdots on input line 466.
\Mathstrutbox@=\box27
\strutbox@=\box28
\big@size=\dimen114
LaTeX Font Info:    Redeclaring font encoding OML on input line 566.
LaTeX Font Info:    Redeclaring font encoding OMS on input line 567.
\macc@depth=\count98
\c@MaxMatrixCols=\count99
\dotsspace@=\muskip10
\c@parentequation=\count100
\dspbrk@lvl=\count101
\tag@help=\toks19
\row@=\count102
\column@=\count103
\maxfields@=\count104
\andhelp@=\toks20
\eqnshift@=\dimen115
\alignsep@=\dimen116
\tagshift@=\dimen117
\tagwidth@=\dimen118
\totwidth@=\dimen119
\lineht@=\dimen120
\@envbody=\toks21
\multlinegap=\skip48
\multlinetaggap=\skip49
\mathdisplay@stack=\toks22
LaTeX Info: Redefining \[ on input line 2665.
LaTeX Info: Redefining \] on input line 2666.
)
(/usr/share/texmf/tex/latex/graphics/graphicx.sty
Package: graphicx 1999/02/16 v1.0f Enhanced LaTeX Graphics (DPC,SPQR)

(/usr/share/texmf/tex/latex/graphics/graphics.sty
Package: graphics 2009/02/05 v1.0o Standard LaTeX Graphics (DPC,SPQR)

(/usr/share/texmf/tex/latex/graphics/trig.sty
Package: trig 1999/03/16 v1.09 sin cos tan (DPC)
)
(/usr/share/texmf/tex/latex/latexconfig/graphics.cfg
File: graphics.cfg 2010/04/23 v1.9 graphics configuration of TeX Live
)
Package graphics Info: Driver file: pdftex.def on input line 91.

(/usr/share/texmf/tex/latex/pdftex-def/pdftex.def
File: pdftex.def 2011/05/27 v0.06d Graphics/color for pdfTeX

(/usr/share/texmf/tex/generic/oberdiek/infwarerr.sty
Package: infwarerr 2010/04/08 v1.3 Providing info/warning/error messages (HO)
)
(/usr/share/texmf/tex/generic/oberdiek/ltxcmds.sty
Package: ltxcmds 2011/11/09 v1.22 LaTeX kernel commands for general use (HO)
)
\Gread@gobject=\count105
))
\Gin@req@height=\dimen121
\Gin@req@width=\dimen122
)
(/usr/share/texmf/tex/latex/setspace/setspace.sty
Package: setspace 2011/12/19 v6.7a set line spacing
)
(/usr/share/texmf/tex/latex/hyperref/nameref.sty
Package: nameref 2012/10/27 v2.43 Cross-referencing by name of section

(/usr/share/texmf/tex/latex/oberdiek/refcount.sty
Package: refcount 2011/10/16 v3.4 Data extraction from label references (HO)
)
(/usr/share/texmf/tex/generic/oberdiek/gettitlestring.sty
Package: gettitlestring 2010/12/03 v1.4 Cleanup title references (HO)

(/usr/share/texmf/tex/latex/oberdiek/kvoptions.sty
Package: kvoptions 2011/06/30 v3.11 Key value format for package options (HO)

(/usr/share/texmf/tex/generic/oberdiek/kvsetkeys.sty
Package: kvsetkeys 2012/04/25 v1.16 Key value parser (HO)

(/usr/share/texmf/tex/generic/oberdiek/etexcmds.sty
Package: etexcmds 2011/02/16 v1.5 Avoid name clashes with e-TeX commands (HO)

(/usr/share/texmf/tex/generic/oberdiek/ifluatex.sty
Package: ifluatex 2010/03/01 v1.3 Provides the ifluatex switch (HO)
Package ifluatex Info: LuaTeX not detected.
)
Package etexcmds Info: Could not find \expanded.
(etexcmds)             That can mean that you are not using pdfTeX 1.50 or
(etexcmds)             that some package has redefined \expanded.
(etexcmds)             In the latter case, load this package earlier.
))))
\c@section@level=\count106
LaTeX Info: Redefining \ref on input line 353.
LaTeX Info: Redefining \pageref on input line 353.
)
(/usr/share/texmf/tex/latex/caption/caption.sty
Package: caption 2013/05/02 v3.3-89 Customizing captions (AR)

(/usr/share/texmf/tex/latex/caption/caption3.sty
Package: caption3 2013/05/02 v1.6-88 caption3 kernel (AR)
Package caption3 Info: TeX engine: e-TeX on input line 57.
\captionmargin=\dimen123
\captionmargin@=\dimen124
\captionwidth=\dimen125
\caption@tempdima=\dimen126
\caption@indent=\dimen127
\caption@parindent=\dimen128
\caption@hangindent=\dimen129
)
Package caption Info: KOMA-Script document class.
\c@ContinuedFloat=\count107
)
(/usr/share/texmf/tex/latex/url/url.sty
\Urlmuskip=\muskip11
Package: url 2006/04/12  ver 3.3  Verb mode for urls, etc.
)
(/usr/share/texmf/tex/latex/multirow/multirow.sty
\bigstrutjot=\dimen130
)
(/usr/share/texmf/tex/latex/listings/listings.sty
\lst@mode=\count108
\lst@gtempboxa=\box29
\lst@token=\toks23
\lst@length=\count109
\lst@currlwidth=\dimen131
\lst@column=\count110
\lst@pos=\count111
\lst@lostspace=\dimen132
\lst@width=\dimen133
\lst@newlines=\count112
\lst@lineno=\count113
\lst@maxwidth=\dimen134

(/usr/share/texmf/tex/latex/listings/lstmisc.sty
File: lstmisc.sty 2007/02/22 1.4 (Carsten Heinz)
\c@lstnumber=\count114
\lst@skipnumbers=\count115
\lst@framebox=\box30
)
(/usr/share/texmf/tex/latex/listings/listings.cfg
File: listings.cfg 2007/02/22 1.4 listings configuration
))
Package: listings 2007/02/22 1.4 (Carsten Heinz)

(/usr/share/texmf/tex/latex/graphics/color.sty
Package: color 2005/11/14 v1.0j Standard LaTeX Color (DPC)

(/usr/share/texmf/tex/latex/latexconfig/color.cfg
File: color.cfg 2007/01/18 v1.5 color configuration of teTeX/TeXLive
)
Package color Info: Driver file: pdftex.def on input line 130.
)
(/usr/share/texmf/tex/latex/subfigure/subfigure.sty
Package: subfigure 2002/03/15 v2.1.5 subfigure package
\subfigtopskip=\skip50
\subfigcapskip=\skip51
\subfigcaptopadj=\dimen135
\subfigbottomskip=\skip52
\subfigcapmargin=\dimen136
\subfiglabelskip=\skip53
\c@subfigure=\count116
\c@lofdepth=\count117
\c@subtable=\count118
\c@lotdepth=\count119

****************************************
* Local config file subfigure.cfg used *
****************************************
(/usr/share/texmf/tex/latex/subfigure/subfigure.cfg)
\subfig@top=\skip54
\subfig@bottom=\skip55
) (./jenny.sty
Package: jenny 2015/07/08 v2.3 jenny basic definition package (PEB,DPC)

(/usr/share/texmf/tex/latex/tools/xspace.sty
Package: xspace 2009/10/20 v1.13 Space after command names (DPC,MH)
))
(/usr/share/texmf/tex/latex/hyperref/hyperref.sty
Package: hyperref 2012/11/06 v6.83m Hypertext links for LaTeX

(/usr/share/texmf/tex/generic/oberdiek/hobsub-hyperref.sty
Package: hobsub-hyperref 2012/05/28 v1.13 Bundle oberdiek, subset hyperref (HO)


(/usr/share/texmf/tex/generic/oberdiek/hobsub-generic.sty
Package: hobsub-generic 2012/05/28 v1.13 Bundle oberdiek, subset generic (HO)
Package: hobsub 2012/05/28 v1.13 Construct package bundles (HO)
Package hobsub Info: Skipping package `infwarerr' (already loaded).
Package hobsub Info: Skipping package `ltxcmds' (already loaded).
Package hobsub Info: Skipping package `ifluatex' (already loaded).
Package hobsub Info: Skipping package `ifvtex' (already loaded).
Package: intcalc 2007/09/27 v1.1 Expandable calculations with integers (HO)
Package hobsub Info: Skipping package `ifpdf' (already loaded).
Package hobsub Info: Skipping package `etexcmds' (already loaded).
Package hobsub Info: Skipping package `kvsetkeys' (already loaded).
Package: kvdefinekeys 2011/04/07 v1.3 Define keys (HO)
Package: pdftexcmds 2011/11/29 v0.20 Utility functions of pdfTeX for LuaTeX (HO
)
Package pdftexcmds Info: LuaTeX not detected.
Package pdftexcmds Info: \pdf@primitive is available.
Package pdftexcmds Info: \pdf@ifprimitive is available.
Package pdftexcmds Info: \pdfdraftmode found.
Package: pdfescape 2011/11/25 v1.13 Implements pdfTeX's escape features (HO)
Package: bigintcalc 2012/04/08 v1.3 Expandable calculations on big integers (HO
)
Package: bitset 2011/01/30 v1.1 Handle bit-vector datatype (HO)
Package: uniquecounter 2011/01/30 v1.2 Provide unlimited unique counter (HO)
)
Package hobsub Info: Skipping package `hobsub' (already loaded).
Package: letltxmacro 2010/09/02 v1.4 Let assignment for LaTeX macros (HO)
Package: hopatch 2012/05/28 v1.2 Wrapper for package hooks (HO)
Package: xcolor-patch 2011/01/30 xcolor patch
Package: atveryend 2011/06/30 v1.8 Hooks at the very end of document (HO)
Package atveryend Info: \enddocument detected (standard20110627).
Package: atbegshi 2011/10/05 v1.16 At begin shipout hook (HO)
Package hobsub Info: Skipping package `refcount' (already loaded).
Package: hycolor 2011/01/30 v1.7 Color options for hyperref/bookmark (HO)
)
(/usr/share/texmf/tex/latex/oberdiek/auxhook.sty
Package: auxhook 2011/03/04 v1.3 Hooks for auxiliary files (HO)
)
\@linkdim=\dimen137
\Hy@linkcounter=\count120
\Hy@pagecounter=\count121

(/usr/share/texmf/tex/latex/hyperref/pd1enc.def
File: pd1enc.def 2012/11/06 v6.83m Hyperref: PDFDocEncoding definition (HO)
)
\Hy@SavedSpaceFactor=\count122

(/usr/share/texmf/tex/latex/latexconfig/hyperref.cfg
File: hyperref.cfg 2002/06/06 v1.2 hyperref configuration of TeXLive
)
Package hyperref Info: Option `breaklinks' set `true' on input line 4319.
Package hyperref Info: Hyper figures OFF on input line 4443.
Package hyperref Info: Link nesting OFF on input line 4448.
Package hyperref Info: Hyper index ON on input line 4451.
Package hyperref Info: Plain pages OFF on input line 4458.
Package hyperref Info: Backreferencing OFF on input line 4463.
Package hyperref Info: Implicit mode ON; LaTeX internals redefined.
Package hyperref Info: Bookmarks ON on input line 4688.
\c@Hy@tempcnt=\count123
LaTeX Info: Redefining \url on input line 5041.
\XeTeXLinkMargin=\dimen138
\Fld@menulength=\count124
\Field@Width=\dimen139
\Fld@charsize=\dimen140
Package hyperref Info: Hyper figures OFF on input line 6295.
Package hyperref Info: Link nesting OFF on input line 6300.
Package hyperref Info: Hyper index ON on input line 6303.
Package hyperref Info: backreferencing OFF on input line 6310.
Package hyperref Info: Link coloring OFF on input line 6315.
Package hyperref Info: Link coloring with OCG OFF on input line 6320.
Package hyperref Info: PDF/A mode OFF on input line 6325.
LaTeX Info: Redefining \ref on input line 6365.
LaTeX Info: Redefining \pageref on input line 6369.
\Hy@abspage=\count125
\c@Item=\count126
\c@Hfootnote=\count127
)

Package hyperref Message: Driver (autodetected): hpdftex.

(/usr/share/texmf/tex/latex/hyperref/hpdftex.def
File: hpdftex.def 2012/11/06 v6.83m Hyperref driver for pdfTeX
\Fld@listcount=\count128
\c@bookmark@seq@number=\count129

(/usr/share/texmf/tex/latex/oberdiek/rerunfilecheck.sty
Package: rerunfilecheck 2011/04/15 v1.7 Rerun checks for auxiliary files (HO)
Package uniquecounter Info: New unique counter `rerunfilecheck' on input line 2
82.
)
\Hy@SectionHShift=\skip56
)
(/usr/share/texmf/tex/latex/appendix/appendix.sty
Package: appendix 2009/09/02 v1.2b extra appendix facilities
\c@@pps=\count130
\c@@ppsavesec=\count131
\c@@ppsaveapp=\count132
)
(/usr/share/texmf/tex/latex/fancyhdr/fancyhdr.sty
\fancy@headwidth=\skip57
\f@ncyO@elh=\skip58
\f@ncyO@erh=\skip59
\f@ncyO@olh=\skip60
\f@ncyO@orh=\skip61
\f@ncyO@elf=\skip62
\f@ncyO@erf=\skip63
\f@ncyO@olf=\skip64
\f@ncyO@orf=\skip65
) (./ReleaseNote.aux)
\openout1 = `ReleaseNote.aux'.

LaTeX Font Info:    Checking defaults for OML/cmm/m/it on input line 72.
LaTeX Font Info:    ... okay on input line 72.
LaTeX Font Info:    Checking defaults for T1/cmr/m/n on input line 72.
LaTeX Font Info:    ... okay on input line 72.
LaTeX Font Info:    Checking defaults for OT1/cmr/m/n on input line 72.
LaTeX Font Info:    ... okay on input line 72.
LaTeX Font Info:    Checking defaults for OMS/cmsy/m/n on input line 72.
LaTeX Font Info:    ... okay on input line 72.
LaTeX Font Info:    Checking defaults for OMX/cmex/m/n on input line 72.
LaTeX Font Info:    ... okay on input line 72.
LaTeX Font Info:    Checking defaults for U/cmr/m/n on input line 72.
LaTeX Font Info:    ... okay on input line 72.
LaTeX Font Info:    Checking defaults for TS1/cmr/m/n on input line 72.
LaTeX Font Info:    Try loading font information for TS1+cmr on input line 72.

(/usr/share/texmf/tex/latex/base/ts1cmr.fd
File: ts1cmr.fd 1999/05/25 v2.5h Standard LaTeX font definitions
)
LaTeX Font Info:    ... okay on input line 72.
LaTeX Font Info:    Checking defaults for PD1/pdf/m/n on input line 72.
LaTeX Font Info:    ... okay on input line 72.

*geometry* driver: auto-detecting
*geometry* detected driver: pdftex
*geometry* verbose mode - [ preamble ] result:
* driver: pdftex
* paper: a4paper
* layout: <same size as paper>
* layoutoffset:(h,v)=(0.0pt,0.0pt)
* modes: includehead includefoot twoside 
* h-part:(L,W,R)=(99.58464pt, 426.79135pt, 71.13188pt)
* v-part:(T,H,B)=(71.13188pt, 702.78308pt, 71.13188pt)
* \paperwidth=597.50787pt
* \paperheight=845.04684pt
* \textwidth=426.79135pt
* \textheight=617.78305pt
* \oddsidemargin=27.31465pt
* \evensidemargin=-1.1381pt
* \topmargin=-1.1381pt
* \headheight=18.14653pt
* \headsep=20.40001pt
* \topskip=11.0pt
* \footskip=47.60002pt
* \marginparwidth=89.62619pt
* \marginparsep=12.8401pt
* \columnsep=10.0pt
* \skip\footins=10.0pt plus 4.0pt minus 2.0pt
* \hoffset=0.0pt
* \voffset=0.0pt
* \mag=1000
* \@twocolumnfalse
* \@twosidetrue
* \@mparswitchtrue
* \@reversemarginfalse
* (1in=72.27pt=25.4mm, 1cm=28.453pt)

(/usr/share/texmf/tex/context/base/supp-pdf.mkii
[Loading MPS to PDF converter (version 2006.09.02).]
\scratchcounter=\count133
\scratchdimen=\dimen141
\scratchbox=\box31
\nofMPsegments=\count134
\nofMParguments=\count135
\everyMPshowfont=\toks24
\MPscratchCnt=\count136
\MPscratchDim=\dimen142
\MPnumerator=\count137
\makeMPintoPDFobject=\count138
\everyMPtoPDFconversion=\toks25
) (/usr/share/texmf/tex/latex/oberdiek/epstopdf-base.sty
Package: epstopdf-base 2010/02/09 v2.5 Base part for package epstopdf

(/usr/share/texmf/tex/latex/oberdiek/grfext.sty
Package: grfext 2010/08/19 v1.1 Manage graphics extensions (HO)
)
Package grfext Info: Graphics extension search list:
(grfext)             [.png,.pdf,.jpg,.mps,.jpeg,.jbig2,.jb2,.PNG,.PDF,.JPG,.JPE
G,.JBIG2,.JB2,.eps]
(grfext)             \AppendGraphicsExtensions on input line 452.

(/usr/share/texmf/tex/latex/latexconfig/epstopdf-sys.cfg
File: epstopdf-sys.cfg 2010/07/13 v1.3 Configuration of (r)epstopdf for TeX Liv
e
))
Package caption Info: Begin \AtBeginDocument code.
Package caption Info: hyperref package is loaded.
Package caption Info: listings package is loaded.
Package caption Info: subfigure package is loaded.
Package caption Info: End \AtBeginDocument code.
\c@lstlisting=\count139
\AtBeginShipoutBox=\box32
Package hyperref Info: Link coloring OFF on input line 72.
LaTeX Info: Redefining \ref on input line 72.
LaTeX Info: Redefining \pageref on input line 72.
LaTeX Info: Redefining \nameref on input line 72.
 (./ReleaseNote.out)
(./ReleaseNote.out)
\@outlinefile=\write3
\openout3 = `ReleaseNote.out'.

 [1



{/usr/share/texmf/fonts/map/pdftex/updmap/pdftex.map}]
LaTeX Font Info:    Try loading font information for T1+cmss on input line 86.

(/usr/share/texmf/tex/latex/base/t1cmss.fd
File: t1cmss.fd 1999/05/25 v2.5h Standard LaTeX font definitions
) (./abstract.tex) [0

]
(./ReleaseNote.toc

LaTeX Font Warning: Command \mathversion invalid in math mode on input line 5.


LaTeX Font Warning: Command \mathversion invalid in math mode on input line 5.


LaTeX Font Warning: Command \mathversion invalid in math mode on input line 6.


LaTeX Font Warning: Command \mathversion invalid in math mode on input line 6.


LaTeX Font Warning: Command \mathversion invalid in math mode on input line 7.


LaTeX Font Warning: Command \mathversion invalid in math mode on input line 7.

)
\tf@toc=\write4
\openout4 = `ReleaseNote.toc'.

 [1

]
Chapter 1.

Class scrreprt Warning: \float@addtolists detected!
(scrreprt)              You should use the features of package `tocbasic'
(scrreprt)              instead of \float@addtolists.
(scrreprt)              Support for \float@addtolists may be removed from
(scrreprt)              `scrreprt' soon .

(./eventgeneration.tex
<./plots/DecayChannelXi1820.png, id=83, 845.40843pt x 597.73312pt>
File: ./plots/DecayChannelXi1820.png Graphic file (type png)

<use ./plots/DecayChannelXi1820.png>
Package pdftex.def Info: ./plots/DecayChannelXi1820.png used on input line 7.
(pdftex.def)             Requested size: 426.79135pt x 301.74796pt.
pdfTeX warning (ext4): destination with the same identifier (name{page.1}) has 
been already used, duplicate ignored
<to be read again> 
                   \relax 
l.54 \end{table}
                 [1

 <./plots/DecayChannelXi1820.png>]
<./plots/lambda0/Lambda0_MC_pt_vs_pz.pdf, id=102, 569.12625pt x 365.365pt>
File: ./plots/lambda0/Lambda0_MC_pt_vs_pz.pdf Graphic file (type pdf)

<use ./plots/lambda0/Lambda0_MC_pt_vs_pz.pdf>
Package pdftex.def Info: ./plots/lambda0/Lambda0_MC_pt_vs_pz.pdf used on input 
line 88.
(pdftex.def)             Requested size: 209.1301pt x 134.25748pt.

<./plots/antilambda0/AntiLambda0_MC_pt_vs_pz.pdf, id=103, 569.12625pt x 365.365
pt>
File: ./plots/antilambda0/AntiLambda0_MC_pt_vs_pz.pdf Graphic file (type pdf)
 <use ./plots/antilambda0/AntiLambda0_MC_pt_vs_pz.pdf>
Package pdftex.def Info: ./plots/antilambda0/AntiLambda0_MC_pt_vs_pz.pdf used o
n input line 89.
(pdftex.def)             Requested size: 209.1301pt x 134.25748pt.

<./plots/Xi/XiPlus_MC_pt_vs_pz.pdf, id=104, 569.12625pt x 365.365pt>
File: ./plots/Xi/XiPlus_MC_pt_vs_pz.pdf Graphic file (type pdf)

<use ./plots/Xi/XiPlus_MC_pt_vs_pz.pdf>
Package pdftex.def Info: ./plots/Xi/XiPlus_MC_pt_vs_pz.pdf used on input line 9
7.
(pdftex.def)             Requested size: 209.1301pt x 134.25748pt.

<./plots/Xi1820/XiMinus1820_MC_pt_vs_pz.pdf, id=105, 569.12625pt x 365.365pt>
File: ./plots/Xi1820/XiMinus1820_MC_pt_vs_pz.pdf Graphic file (type pdf)

<use ./plots/Xi1820/XiMinus1820_MC_pt_vs_pz.pdf>
Package pdftex.def Info: ./plots/Xi1820/XiMinus1820_MC_pt_vs_pz.pdf used on inp
ut line 98.
(pdftex.def)             Requested size: 209.1301pt x 134.25748pt.

<./plots/Dalitzplot_MC.pdf, id=107, 569.12625pt x 365.365pt>
File: ./plots/Dalitzplot_MC.pdf Graphic file (type pdf)

<use ./plots/Dalitzplot_MC.pdf>
Package pdftex.def Info: ./plots/Dalitzplot_MC.pdf used on input line 109.
(pdftex.def)             Requested size: 256.07741pt x 164.40158pt.
) [2] [3 <./plots/lambda0/Lambda0_MC_pt_vs_pz.pdf, page is rotated 90 degrees> 
<./plots/antilambda0/AntiLambda0_MC_pt_vs_pz.pdf, page is rotated 90 degrees> <
./plots/Xi/XiPlus_MC_pt_vs_pz.pdf, page is rotated 90 degrees> <./plots/Xi1820/
XiMinus1820_MC_pt_vs_pz.pdf, page is rotated 90 degrees>] [4 <./plots/Dalitzplo
t_MC.pdf, page is rotated 90 degrees>]
Chapter 2.
(./analysis.tex
<./plots/finalstate/reco_efficiency.pdf, id=356, 569.12625pt x 355.3275pt>
File: ./plots/finalstate/reco_efficiency.pdf Graphic file (type pdf)

<use ./plots/finalstate/reco_efficiency.pdf>
Package pdftex.def Info: ./plots/finalstate/reco_efficiency.pdf used on input l
ine 58.
(pdftex.def)             Requested size: 341.43437pt x 213.18187pt.


LaTeX Font Warning: Command \boldmath invalid in math mode on input line 67.


LaTeX Font Warning: Command \mathversion invalid in math mode on input line 67.



LaTeX Font Warning: Command \boldmath invalid in math mode on input line 67.


LaTeX Font Warning: Command \mathversion invalid in math mode on input line 67.



Package hyperref Warning: Token not allowed in a PDF string (PDFDocEncoding):
(hyperref)                removing `math shift' on input line 67.


Package hyperref Warning: Token not allowed in a PDF string (PDFDocEncoding):
(hyperref)                removing `\Lambda' on input line 67.


Package hyperref Warning: Token not allowed in a PDF string (PDFDocEncoding):
(hyperref)                removing `superscript' on input line 67.


Package hyperref Warning: Token not allowed in a PDF string (PDFDocEncoding):
(hyperref)                removing `math shift' on input line 67.


Package hyperref Warning: Token not allowed in a PDF string (PDFDocEncoding):
(hyperref)                removing `math shift' on input line 67.


Package hyperref Warning: Token not allowed in a PDF string (PDFDocEncoding):
(hyperref)                removing `superscript' on input line 67.


Package hyperref Warning: Token not allowed in a PDF string (PDFDocEncoding):
(hyperref)                removing `math shift' on input line 67.

[5

] [6 <./plots/finalstate/reco_efficiency.pdf, page is rotated 90 degrees>]
<./plots/lambda0/lambda0_chisqrt.pdf, id=421, 569.12625pt x 369.38pt>
File: ./plots/lambda0/lambda0_chisqrt.pdf Graphic file (type pdf)

<use ./plots/lambda0/lambda0_chisqrt.pdf>
Package pdftex.def Info: ./plots/lambda0/lambda0_chisqrt.pdf used on input line
 86.
(pdftex.def)             Requested size: 213.39568pt x 138.50024pt.

<./plots/lambda0/lambda0_prob.pdf, id=422, 569.12625pt x 369.38pt>
File: ./plots/lambda0/lambda0_prob.pdf Graphic file (type pdf)

<use ./plots/lambda0/lambda0_prob.pdf>
Package pdftex.def Info: ./plots/lambda0/lambda0_prob.pdf used on input line 87
.
(pdftex.def)             Requested size: 213.39568pt x 138.50024pt.

<./plots/combineLambda0.pdf, id=424, 597.23125pt x 845.1575pt>
File: ./plots/combineLambda0.pdf Graphic file (type pdf)

<use ./plots/combineLambda0.pdf>
Package pdftex.def Info: ./plots/combineLambda0.pdf used on input line 103.
(pdftex.def)             Requested size: 213.39568pt x 301.98676pt.

Underfull \vbox (badness 10000) has occurred while \output is active []



LaTeX Font Warning: Command \mathversion invalid in math mode on input line 114
.


LaTeX Font Warning: Command \mathversion invalid in math mode on input line 114
.

[7 <./plots/lambda0/lambda0_chisqrt.pdf, page is rotated 90 degrees> <./plots/l
ambda0/lambda0_prob.pdf, page is rotated 90 degrees>] [8 <./plots/combineLambda
0.pdf>]
<./plots/lambda0/lambda0_m_diffcuts.pdf, id=530, 569.12625pt x 369.38pt>
File: ./plots/lambda0/lambda0_m_diffcuts.pdf Graphic file (type pdf)

<use ./plots/lambda0/lambda0_m_diffcuts.pdf>
Package pdftex.def Info: ./plots/lambda0/lambda0_m_diffcuts.pdf used on input l
ine 117.
(pdftex.def)             Requested size: 469.47308pt x 304.71407pt.

Overfull \hbox (42.68173pt too wide) in paragraph at lines 117--118
 [][] 
 []


<./plots/antilambda0/antiLambda0_m_diffcuts.pdf, id=531, 569.12625pt x 369.38pt
>
File: ./plots/antilambda0/antiLambda0_m_diffcuts.pdf Graphic file (type pdf)
 <use ./plots/antilambda0/antiLambda0_m_diffcuts.pdf>
Package pdftex.def Info: ./plots/antilambda0/antiLambda0_m_diffcuts.pdf used on
 input line 121.
(pdftex.def)             Requested size: 469.47308pt x 304.71407pt.

Overfull \hbox (42.68173pt too wide) in paragraph at lines 121--122
 [][] 
 []


LaTeX Warning: Float too large for page by 39.84506pt on input line 124.

<./plots/lambda0/lambda0_m_masscut2.pdf, id=533, 569.12625pt x 369.38pt>
File: ./plots/lambda0/lambda0_m_masscut2.pdf Graphic file (type pdf)

<use ./plots/lambda0/lambda0_m_masscut2.pdf>
Package pdftex.def Info: ./plots/lambda0/lambda0_m_masscut2.pdf used on input l
ine 131.
(pdftex.def)             Requested size: 341.43437pt x 221.6128pt.

<./plots/lambda0/lambda0_pt_vs_pz_cut.pdf, id=535, 569.12625pt x 369.38pt>
File: ./plots/lambda0/lambda0_pt_vs_pz_cut.pdf Graphic file (type pdf)

<use ./plots/lambda0/lambda0_pt_vs_pz_cut.pdf>
Package pdftex.def Info: ./plots/lambda0/lambda0_pt_vs_pz_cut.pdf used on input
 line 144.
(pdftex.def)             Requested size: 209.1301pt x 135.73283pt.

<./plots/antilambda0/antiLambda0_pt_vs_pz_cut.pdf, id=536, 569.12625pt x 369.38
pt>
File: ./plots/antilambda0/antiLambda0_pt_vs_pz_cut.pdf Graphic file (type pdf)
 <use ./plots/antilambda0/antiLambda0_pt_vs_pz_cut.pdf>
Package pdftex.def Info: ./plots/antilambda0/antiLambda0_pt_vs_pz_cut.pdf used 
on input line 145.
(pdftex.def)             Requested size: 209.1301pt x 135.73283pt.

<./plots/lambda0/lambda0_decay_vtx.pdf, id=539, 569.12625pt x 369.38pt>
File: ./plots/lambda0/lambda0_decay_vtx.pdf Graphic file (type pdf)

<use ./plots/lambda0/lambda0_decay_vtx.pdf>
Package pdftex.def Info: ./plots/lambda0/lambda0_decay_vtx.pdf used on input li
ne 161.
(pdftex.def)             Requested size: 426.79135pt x 277.01176pt.

<./plots/antilambda0/antiLambda0_decay_vtx.pdf, id=540, 569.12625pt x 369.38pt>
File: ./plots/antilambda0/antiLambda0_decay_vtx.pdf Graphic file (type pdf)
<use ./plots/antilambda0/antiLambda0_decay_vtx.pdf>
Package pdftex.def Info: ./plots/antilambda0/antiLambda0_decay_vtx.pdf used on 
input line 162.
(pdftex.def)             Requested size: 426.79135pt x 277.01176pt.


LaTeX Font Warning: Command \boldmath invalid in math mode on input line 172.


LaTeX Font Warning: Command \mathversion invalid in math mode on input line 172
.


LaTeX Font Warning: Command \boldmath invalid in math mode on input line 172.


LaTeX Font Warning: Command \mathversion invalid in math mode on input line 172
.


Package hyperref Warning: Token not allowed in a PDF string (PDFDocEncoding):
(hyperref)                removing `math shift' on input line 172.


Package hyperref Warning: Token not allowed in a PDF string (PDFDocEncoding):
(hyperref)                removing `\Xi' on input line 172.


Package hyperref Warning: Token not allowed in a PDF string (PDFDocEncoding):
(hyperref)                removing `math shift' on input line 172.


Package hyperref Warning: Token not allowed in a PDF string (PDFDocEncoding):
(hyperref)                removing `math shift' on input line 172.


Package hyperref Warning: Token not allowed in a PDF string (PDFDocEncoding):
(hyperref)                removing `math shift' on input line 172.

<./plots/combineAntiCascade.pdf, id=543, 597.23125pt x 845.1575pt>
File: ./plots/combineAntiCascade.pdf Graphic file (type pdf)

<use ./plots/combineAntiCascade.pdf>
Package pdftex.def Info: ./plots/combineAntiCascade.pdf used on input line 186.

(pdftex.def)             Requested size: 213.39568pt x 301.98676pt.

<./plots/Xi/XiPlus_prob.pdf, id=545, 569.12625pt x 369.38pt>
File: ./plots/Xi/XiPlus_prob.pdf Graphic file (type pdf)

<use ./plots/Xi/XiPlus_prob.pdf>
Package pdftex.def Info: ./plots/Xi/XiPlus_prob.pdf used on input line 196.
(pdftex.def)             Requested size: 213.39568pt x 138.50024pt.

Underfull \vbox (badness 2057) has occurred while \output is active []



LaTeX Font Warning: Command \mathversion invalid in math mode on input line 221
.


LaTeX Font Warning: Command \mathversion invalid in math mode on input line 221
.

[9] [10 <./plots/lambda0/lambda0_m_diffcuts.pdf, page is rotated 90 degrees> <.
/plots/antilambda0/antiLambda0_m_diffcuts.pdf, page is rotated 90 degrees>]

LaTeX Font Warning: Command \mathversion invalid in math mode on input line 221
.


LaTeX Font Warning: Command \mathversion invalid in math mode on input line 221
.

[11 <./plots/lambda0/lambda0_m_masscut2.pdf, page is rotated 90 degrees> <./plo
ts/lambda0/lambda0_pt_vs_pz_cut.pdf, page is rotated 90 degrees> <./plots/antil
ambda0/antiLambda0_pt_vs_pz_cut.pdf, page is rotated 90 degrees>] [12 <./plots/
lambda0/lambda0_decay_vtx.pdf, page is rotated 90 degrees> <./plots/antilambda0
/antiLambda0_decay_vtx.pdf, page is rotated 90 degrees>]

LaTeX Font Warning: Command \mathversion invalid in math mode on input line 221
.


LaTeX Font Warning: Command \mathversion invalid in math mode on input line 221
.

[13 <./plots/combineAntiCascade.pdf> <./plots/Xi/XiPlus_prob.pdf, page is rotat
ed 90 degrees>]
<./plots/Xi/XiPlus_vtxres_x.pdf, id=934, 569.12625pt x 369.38pt>
File: ./plots/Xi/XiPlus_vtxres_x.pdf Graphic file (type pdf)

<use ./plots/Xi/XiPlus_vtxres_x.pdf>
Package pdftex.def Info: ./plots/Xi/XiPlus_vtxres_x.pdf used on input line 229.

(pdftex.def)             Requested size: 341.43437pt x 221.6128pt.

<./plots/Xi/XiPlus_vtxres_y.pdf, id=935, 569.12625pt x 369.38pt>
File: ./plots/Xi/XiPlus_vtxres_y.pdf Graphic file (type pdf)

<use ./plots/Xi/XiPlus_vtxres_y.pdf>
Package pdftex.def Info: ./plots/Xi/XiPlus_vtxres_y.pdf used on input line 236.

(pdftex.def)             Requested size: 209.1301pt x 135.73283pt.

<./plots/Xi/XiPlus_vtxres_z.pdf, id=936, 569.12625pt x 369.38pt>
File: ./plots/Xi/XiPlus_vtxres_z.pdf Graphic file (type pdf)

<use ./plots/Xi/XiPlus_vtxres_z.pdf>
Package pdftex.def Info: ./plots/Xi/XiPlus_vtxres_z.pdf used on input line 237.

(pdftex.def)             Requested size: 209.1301pt x 135.73283pt.

<./plots/Xi/XiPlus_m_diffcuts.pdf, id=939, 569.12625pt x 369.38pt>
File: ./plots/Xi/XiPlus_m_diffcuts.pdf Graphic file (type pdf)

<use ./plots/Xi/XiPlus_m_diffcuts.pdf>
Package pdftex.def Info: ./plots/Xi/XiPlus_m_diffcuts.pdf used on input line 24
8.
(pdftex.def)             Requested size: 469.47308pt x 304.71407pt.

Overfull \hbox (42.68173pt too wide) in paragraph at lines 248--249
 [][] 
 []

<./plots/Xi/XiMinus_m_diffcuts.pdf, id=940, 569.12625pt x 369.38pt>
File: ./plots/Xi/XiMinus_m_diffcuts.pdf Graphic file (type pdf)

<use ./plots/Xi/XiMinus_m_diffcuts.pdf>
Package pdftex.def Info: ./plots/Xi/XiMinus_m_diffcuts.pdf used on input line 2
52.
(pdftex.def)             Requested size: 469.47308pt x 304.71407pt.

Overfull \hbox (42.68173pt too wide) in paragraph at lines 252--253
 [][] 
 []


LaTeX Warning: Float too large for page by 39.84506pt on input line 255.

<./plots/Xi/XiPlus_m_masscut.pdf, id=942, 569.12625pt x 369.38pt>
File: ./plots/Xi/XiPlus_m_masscut.pdf Graphic file (type pdf)

<use ./plots/Xi/XiPlus_m_masscut.pdf>
Package pdftex.def Info: ./plots/Xi/XiPlus_m_masscut.pdf used on input line 262
.
(pdftex.def)             Requested size: 341.43437pt x 221.6128pt.

<./plots/Xi/XiPlus_pt_vs_pz_cut.pdf, id=944, 569.12625pt x 369.38pt>
File: ./plots/Xi/XiPlus_pt_vs_pz_cut.pdf Graphic file (type pdf)

<use ./plots/Xi/XiPlus_pt_vs_pz_cut.pdf>
Package pdftex.def Info: ./plots/Xi/XiPlus_pt_vs_pz_cut.pdf used on input line 
271.
(pdftex.def)             Requested size: 209.1301pt x 135.73283pt.

<./plots/Xi/XiMinus_pt_vs_pz_cut.pdf, id=945, 569.12625pt x 369.38pt>
File: ./plots/Xi/XiMinus_pt_vs_pz_cut.pdf Graphic file (type pdf)

<use ./plots/Xi/XiMinus_pt_vs_pz_cut.pdf>
Package pdftex.def Info: ./plots/Xi/XiMinus_pt_vs_pz_cut.pdf used on input line
 272.
(pdftex.def)             Requested size: 209.1301pt x 135.73283pt.


LaTeX Font Warning: Command \boldmath invalid in math mode on input line 284.


LaTeX Font Warning: Command \mathversion invalid in math mode on input line 284
.


LaTeX Font Warning: Command \boldmath invalid in math mode on input line 284.


LaTeX Font Warning: Command \mathversion invalid in math mode on input line 284
.


Package hyperref Warning: Token not allowed in a PDF string (PDFDocEncoding):
(hyperref)                removing `math shift' on input line 284.


Package hyperref Warning: Token not allowed in a PDF string (PDFDocEncoding):
(hyperref)                removing `\Xi' on input line 284.


Package hyperref Warning: Token not allowed in a PDF string (PDFDocEncoding):
(hyperref)                removing `math shift' on input line 284.


Package hyperref Warning: Token not allowed in a PDF string (PDFDocEncoding):
(hyperref)                removing `math shift' on input line 284.


Package hyperref Warning: Token not allowed in a PDF string (PDFDocEncoding):
(hyperref)                removing `math shift' on input line 284.


Underfull \vbox (badness 1314) has occurred while \output is active []

 [14 <./plots/Xi/XiPlus_vtxres_x.pdf, page is rotated 90 degrees>]
<./plots/combineExcitedCascade.pdf, id=1001, 597.23125pt x 845.1575pt>
File: ./plots/combineExcitedCascade.pdf Graphic file (type pdf)

<use ./plots/combineExcitedCascade.pdf>
Package pdftex.def Info: ./plots/combineExcitedCascade.pdf used on input line 2
96.
(pdftex.def)             Requested size: 213.39568pt x 301.98676pt.

<./plots/Xi1820/XiMinus1820_prob.pdf, id=1003, 569.12625pt x 353.32pt>
File: ./plots/Xi1820/XiMinus1820_prob.pdf Graphic file (type pdf)

<use ./plots/Xi1820/XiMinus1820_prob.pdf>
Package pdftex.def Info: ./plots/Xi1820/XiMinus1820_prob.pdf used on input line
 307.
(pdftex.def)             Requested size: 426.79135pt x 264.96777pt.

<./plots/Xi1820/XiMinus1820_m_diffcuts.pdf, id=1005, 569.12625pt x 369.38pt>
File: ./plots/Xi1820/XiMinus1820_m_diffcuts.pdf Graphic file (type pdf)

<use ./plots/Xi1820/XiMinus1820_m_diffcuts.pdf>
Package pdftex.def Info: ./plots/Xi1820/XiMinus1820_m_diffcuts.pdf used on inpu
t line 322.
(pdftex.def)             Requested size: 426.79135pt x 277.01176pt.

<./plots/Xi1820/XiMinus1820_m_masscut.pdf, id=1007, 569.12625pt x 369.38pt>
File: ./plots/Xi1820/XiMinus1820_m_masscut.pdf Graphic file (type pdf)

<use ./plots/Xi1820/XiMinus1820_m_masscut.pdf>
Package pdftex.def Info: ./plots/Xi1820/XiMinus1820_m_masscut.pdf used on input
 line 331.
(pdftex.def)             Requested size: 426.79135pt x 277.01176pt.

<./plots/Xi1820/XiMinus1820_pt_vs_pz_cut.pdf, id=1009, 569.12625pt x 369.38pt>
File: ./plots/Xi1820/XiMinus1820_pt_vs_pz_cut.pdf Graphic file (type pdf)

<use ./plots/Xi1820/XiMinus1820_pt_vs_pz_cut.pdf>
Package pdftex.def Info: ./plots/Xi1820/XiMinus1820_pt_vs_pz_cut.pdf used on in
put line 342.
(pdftex.def)             Requested size: 209.1301pt x 135.73283pt.

Overfull \hbox (11.33057pt too wide) in paragraph at lines 343--343
[]\T1/cmr/m/n/8 (b)
 []


Overfull \hbox (30.69489pt too wide) in paragraph at lines 343--343
[] []$ 
 []


LaTeX Font Warning: Command \mathversion invalid in math mode on input line 351
.


LaTeX Font Warning: Command \mathversion invalid in math mode on input line 351
.

[15 <./plots/Xi/XiPlus_vtxres_y.pdf, page is rotated 90 degrees> <./plots/Xi/Xi
Plus_vtxres_z.pdf, page is rotated 90 degrees>] [16 <./plots/Xi/XiPlus_m_diffcu
ts.pdf, page is rotated 90 degrees> <./plots/Xi/XiMinus_m_diffcuts.pdf, page is
 rotated 90 degrees>]

LaTeX Font Warning: Command \mathversion invalid in math mode on input line 351
.


LaTeX Font Warning: Command \mathversion invalid in math mode on input line 351
.

[17 <./plots/Xi/XiPlus_m_masscut.pdf, page is rotated 90 degrees> <./plots/Xi/X
iPlus_pt_vs_pz_cut.pdf, page is rotated 90 degrees> <./plots/Xi/XiMinus_pt_vs_p
z_cut.pdf, page is rotated 90 degrees>] [18 <./plots/combineExcitedCascade.pdf>
]

LaTeX Font Warning: Command \mathversion invalid in math mode on input line 351
.


LaTeX Font Warning: Command \mathversion invalid in math mode on input line 351
.

[19 <./plots/Xi1820/XiMinus1820_prob.pdf, page is rotated 90 degrees> <./plots/
Xi1820/XiMinus1820_m_diffcuts.pdf, page is rotated 90 degrees>] [20 <./plots/Xi
1820/XiMinus1820_m_masscut.pdf, page is rotated 90 degrees> <./plots/Xi1820/XiM
inus1820_pt_vs_pz_cut.pdf, page is rotated 90 degrees>]
<./plots/combineCascadeSys.pdf, id=1534, 597.23125pt x 845.1575pt>
File: ./plots/combineCascadeSys.pdf Graphic file (type pdf)

<use ./plots/combineCascadeSys.pdf>
Package pdftex.def Info: ./plots/combineCascadeSys.pdf used on input line 382.
(pdftex.def)             Requested size: 213.39568pt x 301.98676pt.

<./plots/pbarp/Dalitzplot_reco.pdf, id=1538, 569.12625pt x 365.365pt>
File: ./plots/pbarp/Dalitzplot_reco.pdf Graphic file (type pdf)

<use ./plots/pbarp/Dalitzplot_reco.pdf>
Package pdftex.def Info: ./plots/pbarp/Dalitzplot_reco.pdf used on input line 4
16.
(pdftex.def)             Requested size: 341.43437pt x 219.20396pt.
) [21] [22 <./plots/combineCascadeSys.pdf> <./plots/pbarp/Dalitzplot_reco.pdf, 
page is rotated 90 degrees>]
Chapter 3.
[23

]
Chapter 4.
(./conclusion.tex) (./ReleaseNote.bbl [24

])
Package atveryend Info: Empty hook `BeforeClearDocument' on input line 136.
 [25

]
Package atveryend Info: Empty hook `AfterLastShipout' on input line 136.
 (./ReleaseNote.aux)
Package atveryend Info: Executing hook `AtVeryEndDocument' on input line 136.
Package atveryend Info: Executing hook `AtEndAfterFileList' on input line 136.
Package rerunfilecheck Info: File `ReleaseNote.out' has not changed.
(rerunfilecheck)             Checksum: 8F414020D23B01E3EECB129082900879;600.
Package atveryend Info: Empty hook `AtVeryVeryEnd' on input line 136.
 ) 
Here is how much of TeX's memory you used:
 11934 strings out of 493315
 180207 string characters out of 6145894
 316860 words of memory out of 5000000
 15053 multiletter control sequences out of 15000+600000
 28183 words of font info for 68 fonts, out of 8000000 for 9000
 957 hyphenation exceptions out of 8191
 54i,15n,47p,416b,1025s stack positions out of 5000i,500n,10000p,200000b,80000s
{/usr/share/texmf/fonts/enc/dvips/cm-super/cm-super-t1.enc}{/usr/share/texmf/
fonts/enc/dvips/cm-super/cm-super-ts1.enc}</usr/share/texmf/fonts/type1/public/
amsfonts/cm/cmex10.pfb></usr/share/texmf/fonts/type1/public/amsfonts/cm/cmmi10.
pfb></usr/share/texmf/fonts/type1/public/amsfonts/cm/cmmi8.pfb></usr/share/texm
f/fonts/type1/public/amsfonts/cm/cmr10.pfb></usr/share/texmf/fonts/type1/public
/amsfonts/cm/cmr12.pfb></usr/share/texmf/fonts/type1/public/amsfonts/cm/cmr17.p
fb></usr/share/texmf/fonts/type1/public/amsfonts/cm/cmr6.pfb></usr/share/texmf/
fonts/type1/public/amsfonts/cm/cmr8.pfb></usr/share/texmf/fonts/type1/public/am
sfonts/cm/cmsy10.pfb></usr/share/texmf/fonts/type1/public/amsfonts/cm/cmsy8.pfb
></usr/share/texmf/fonts/type1/public/cm-super/sfbl1095.pfb></usr/share/texmf/f
onts/type1/public/cm-super/sfbx1095.pfb></usr/share/texmf/fonts/type1/public/cm
-super/sfbx2488.pfb></usr/share/texmf/fonts/type1/public/cm-super/sfrm0800.pfb>
</usr/share/texmf/fonts/type1/public/cm-super/sfrm1000.pfb></usr/share/texmf/fo
nts/type1/public/cm-super/sfrm1095.pfb></usr/share/texmf/fonts/type1/public/cm-
super/sfrm1440.pfb></usr/share/texmf/fonts/type1/public/cm-super/sfrm1728.pfb><
/usr/share/texmf/fonts/type1/public/cm-super/sfsx1095.pfb></usr/share/texmf/fon
ts/type1/public/cm-super/sfsx1200.pfb></usr/share/texmf/fonts/type1/public/cm-s
uper/sfsx1440.pfb></usr/share/texmf/fonts/type1/public/cm-super/sfsx2074.pfb></
usr/share/texmf/fonts/type1/public/cm-super/sfti1095.pfb>
Output written on ReleaseNote.pdf (28 pages, 1525565 bytes).
PDF statistics:
 1717 PDF objects out of 1728 (max. 8388607)
 885 compressed objects within 9 object streams
 99 named destinations out of 1000 (max. 500000)
 251 words of extra memory for PDF output out of 10000 (max. 10000000)

